<?xml version="1.0" encoding="UTF-8"?>
<!-- Generated by org.testng.reporters.JUnitReportReporter -->
<testsuite skipped="0" hostname="DESKTOP-K1HLN8V" name="Academy.frameworkfromscratch.validatetitle" tests="1" failures="0" timestamp="15 Sep 2018 19:45:40 GMT" time="11.415" errors="0">
  <testcase name="basepag" time="11.415" classname="Academy.frameworkfromscratch.validatetitle"/>
</testsuite> <!-- Academy.frameworkfromscratch.validatetitle -->
