<?xml version="1.0" encoding="UTF-8"?>
<!-- Generated by org.testng.reporters.JUnitReportReporter -->
<testsuite skipped="0" hostname="DESKTOP-K1HLN8V" name="Academy.frameworkfromscratch.Homepage" tests="2" failures="0" timestamp="15 Sep 2018 19:45:40 GMT" time="21.853" errors="0">
  <testcase name="basepagenavigation" time="15.109" classname="Academy.frameworkfromscratch.Homepage"/>
  <testcase name="basepagenavigation" time="6.744" classname="Academy.frameworkfromscratch.Homepage"/>
</testsuite> <!-- Academy.frameworkfromscratch.Homepage -->
