<?xml version="1.0" encoding="UTF-8"?>
<!-- Generated by org.testng.reporters.JUnitReportReporter -->
<testsuite hostname="DESKTOP-K1HLN8V" name="com.application.scripts.citizenbank19" tests="1" failures="0" timestamp="16 Sep 2017 15:47:54 GMT" time="95.198" errors="0">
  <testcase name="f" time="95.198" classname="com.application.scripts.citizenbank19"/>
</testsuite> <!-- com.application.scripts.citizenbank19 -->
