<?xml version="1.0" encoding="UTF-8"?>
<!-- Generated by org.testng.reporters.JUnitReportReporter -->
<testsuite hostname="DESKTOP-K1HLN8V" name="com.application.scripts.citizenbank13" tests="1" failures="0" timestamp="15 Sep 2017 16:07:42 GMT" time="132.286" errors="0">
  <testcase name="f" time="132.286" classname="com.application.scripts.citizenbank13"/>
</testsuite> <!-- com.application.scripts.citizenbank13 -->
