<?xml version="1.0" encoding="UTF-8"?>
<!-- Generated by org.testng.reporters.JUnitReportReporter -->
<testsuite hostname="DESKTOP-K1HLN8V" name="com.application.scripts.citizenbank42" tests="1" failures="0" timestamp="20 Sep 2017 17:59:27 GMT" time="71.306" errors="0">
  <testcase name="f" time="71.306" classname="com.application.scripts.citizenbank42"/>
</testsuite> <!-- com.application.scripts.citizenbank42 -->
