<?xml version="1.0" encoding="UTF-8"?>
<!-- Generated by org.testng.reporters.JUnitReportReporter -->
<testsuite hostname="DESKTOP-K1HLN8V" name="com.application.scripts.frame" tests="1" failures="0" timestamp="16 Aug 2017 20:06:01 GMT" time="32.759" errors="0">
  <testcase name="f" time="32.759" classname="com.application.scripts.frame"/>
</testsuite> <!-- com.application.scripts.frame -->
