<?xml version="1.0" encoding="UTF-8"?>
<!-- Generated by org.testng.reporters.JUnitReportReporter -->
<testsuite hostname="DESKTOP-K1HLN8V" name="com.application.scripts.citizenbank22" tests="1" failures="0" timestamp="16 Sep 2017 17:58:56 GMT" time="104.731" errors="0">
  <testcase name="f" time="104.731" classname="com.application.scripts.citizenbank22"/>
</testsuite> <!-- com.application.scripts.citizenbank22 -->
