<?xml version="1.0" encoding="UTF-8"?>
<!-- Generated by org.testng.reporters.JUnitReportReporter -->
<testsuite hostname="DESKTOP-K1HLN8V" name="com.application.scripts.bc21" tests="1" failures="0" timestamp="10 Sep 2017 17:26:17 GMT" time="88.728" errors="0">
  <testcase name="f" time="88.728" classname="com.application.scripts.bc21"/>
</testsuite> <!-- com.application.scripts.bc21 -->
