<?xml version="1.0" encoding="UTF-8"?>
<!-- Generated by org.testng.reporters.JUnitReportReporter -->
<testsuite hostname="DESKTOP-K1HLN8V" name="com.application.scripts.eyeglass03" tests="1" failures="0" timestamp="9 Aug 2017 17:43:49 GMT" time="37.136" errors="0">
  <testcase name="f" time="37.136" classname="com.application.scripts.eyeglass03"/>
</testsuite> <!-- com.application.scripts.eyeglass03 -->
