<?xml version="1.0" encoding="UTF-8"?>
<!-- Generated by org.testng.reporters.JUnitReportReporter -->
<testsuite hostname="DESKTOP-K1HLN8V" name="com.application.scripts.eyeglassworldinsideclick" tests="1" failures="0" timestamp="19 Sep 2017 04:01:31 GMT" time="88.330" errors="0">
  <testcase name="f" time="88.330" classname="com.application.scripts.eyeglassworldinsideclick"/>
</testsuite> <!-- com.application.scripts.eyeglassworldinsideclick -->
