<?xml version="1.0" encoding="UTF-8"?>
<!-- Generated by org.testng.reporters.JUnitReportReporter -->
<testsuite hostname="DESKTOP-K1HLN8V" name="com.application.scripts.citizenbank31" tests="1" failures="0" timestamp="18 Sep 2017 19:21:46 GMT" time="34.838" errors="0">
  <testcase name="f" time="34.838" classname="com.application.scripts.citizenbank31"/>
</testsuite> <!-- com.application.scripts.citizenbank31 -->
