<?xml version="1.0" encoding="UTF-8"?>
<!-- Generated by org.testng.reporters.JUnitReportReporter -->
<testsuite hostname="DESKTOP-K1HLN8V" name="com.application.scripts.citizenbank12" tests="1" failures="0" timestamp="15 Sep 2017 14:52:35 GMT" time="121.778" errors="0">
  <testcase name="f" time="121.778" classname="com.application.scripts.citizenbank12"/>
</testsuite> <!-- com.application.scripts.citizenbank12 -->
