<?xml version="1.0" encoding="UTF-8"?>
<!-- Generated by org.testng.reporters.JUnitReportReporter -->
<testsuite hostname="DESKTOP-K1HLN8V" name="com.application.scripts.citizenbank25" tests="1" failures="0" timestamp="17 Sep 2017 00:10:12 GMT" time="46.140" errors="0">
  <testcase name="f" time="46.140" classname="com.application.scripts.citizenbank25"/>
</testsuite> <!-- com.application.scripts.citizenbank25 -->
