<?xml version="1.0" encoding="UTF-8"?>
<!-- Generated by org.testng.reporters.JUnitReportReporter -->
<testsuite hostname="DESKTOP-K1HLN8V" name="com.application.scripts.eyeglasss07" tests="1" failures="0" timestamp="9 Aug 2017 22:35:08 GMT" time="30.471" errors="0">
  <testcase name="f" time="30.471" classname="com.application.scripts.eyeglasss07"/>
</testsuite> <!-- com.application.scripts.eyeglasss07 -->
