<?xml version="1.0" encoding="UTF-8"?>
<!-- Generated by org.testng.reporters.JUnitReportReporter -->
<testsuite hostname="DESKTOP-K1HLN8V" name="com.application.scripts.eyeglassworld13" tests="1" failures="0" timestamp="27 Aug 2017 00:56:13 GMT" time="31.937" errors="0">
  <testcase name="f" time="31.937" classname="com.application.scripts.eyeglassworld13"/>
</testsuite> <!-- com.application.scripts.eyeglassworld13 -->
