<?xml version="1.0" encoding="UTF-8"?>
<!-- Generated by org.testng.reporters.JUnitReportReporter -->
<testsuite hostname="DESKTOP-K1HLN8V" name="com.application.scripts.citizenbank17" tests="1" failures="0" timestamp="15 Sep 2017 22:30:16 GMT" time="109.995" errors="0">
  <testcase name="f" time="109.995" classname="com.application.scripts.citizenbank17"/>
</testsuite> <!-- com.application.scripts.citizenbank17 -->
