<?xml version="1.0" encoding="UTF-8"?>
<!-- Generated by org.testng.reporters.JUnitReportReporter -->
<testsuite hostname="DESKTOP-K1HLN8V" name="com.sikuki.tc01" tests="1" failures="0" timestamp="11 Aug 2017 17:29:50 GMT" time="3.735" errors="0">
  <testcase name="f" time="3.735" classname="com.sikuki.tc01"/>
</testsuite> <!-- com.sikuki.tc01 -->
