<?xml version="1.0" encoding="UTF-8"?>
<!-- Generated by org.testng.reporters.JUnitReportReporter -->
<testsuite hostname="DESKTOP-K1HLN8V" name="com.application.scripts.eyeglasss06" tests="1" failures="0" timestamp="9 Aug 2017 20:42:19 GMT" time="40.372" errors="0">
  <testcase name="f" time="40.372" classname="com.application.scripts.eyeglasss06"/>
</testsuite> <!-- com.application.scripts.eyeglasss06 -->
