<?xml version="1.0" encoding="UTF-8"?>
<!-- Generated by org.testng.reporters.JUnitReportReporter -->
<testsuite hostname="DESKTOP-K1HLN8V" name="com.application.scripts.TC02" tests="1" failures="0" timestamp="8 Aug 2017 01:15:41 GMT" time="35.309" errors="0">
  <testcase name="testTC02" time="35.309" classname="com.application.scripts.TC02"/>
</testsuite> <!-- com.application.scripts.TC02 -->
