<?xml version="1.0" encoding="UTF-8"?>
<!-- Generated by org.testng.reporters.JUnitReportReporter -->
<testsuite hostname="DESKTOP-K1HLN8V" name="com.application.scripts.eyeglass05" tests="1" failures="0" timestamp="9 Aug 2017 19:53:06 GMT" time="54.071" errors="0">
  <testcase name="f" time="54.071" classname="com.application.scripts.eyeglass05"/>
</testsuite> <!-- com.application.scripts.eyeglass05 -->
