<?xml version="1.0" encoding="UTF-8"?>
<!-- Generated by org.testng.reporters.JUnitReportReporter -->
<testsuite hostname="DESKTOP-K1HLN8V" name="com.application.scripts.Draganddrop" tests="1" failures="0" timestamp="31 Aug 2017 22:29:56 GMT" time="33.946" errors="0">
  <testcase name="f" time="33.946" classname="com.application.scripts.Draganddrop"/>
</testsuite> <!-- com.application.scripts.Draganddrop -->
