<?xml version="1.0" encoding="UTF-8"?>
<!-- Generated by org.testng.reporters.JUnitReportReporter -->
<testsuite hostname="DESKTOP-K1HLN8V" name="com.application.scripts.TC01" tests="1" failures="0" timestamp="8 Aug 2017 18:25:11 GMT" time="78.362" errors="0">
  <testcase name="testTC01" time="78.362" classname="com.application.scripts.TC01"/>
</testsuite> <!-- com.application.scripts.TC01 -->
