<?xml version="1.0" encoding="UTF-8"?>
<!-- Generated by org.testng.reporters.JUnitReportReporter -->
<testsuite hostname="DESKTOP-K1HLN8V" name="com.application.scripts.citizenbank37" tests="1" failures="0" timestamp="19 Sep 2017 15:54:53 GMT" time="75.087" errors="0">
  <testcase name="f" time="75.087" classname="com.application.scripts.citizenbank37"/>
</testsuite> <!-- com.application.scripts.citizenbank37 -->
