<?xml version="1.0" encoding="UTF-8"?>
<!-- Generated by org.testng.reporters.JUnitReportReporter -->
<testsuite hostname="DESKTOP-K1HLN8V" name="com.application.scripts.citizenbank47" tests="1" failures="0" timestamp="26 Sep 2017 16:13:25 GMT" time="69.510" errors="0">
  <testcase name="f" time="69.510" classname="com.application.scripts.citizenbank47"/>
</testsuite> <!-- com.application.scripts.citizenbank47 -->
