<?xml version="1.0" encoding="UTF-8"?>
<!-- Generated by org.testng.reporters.JUnitReportReporter -->
<testsuite hostname="DESKTOP-K1HLN8V" name="com.application.scripts.citizenbank14" tests="1" failures="0" timestamp="15 Sep 2017 17:09:11 GMT" time="139.526" errors="0">
  <testcase name="f" time="139.526" classname="com.application.scripts.citizenbank14"/>
</testsuite> <!-- com.application.scripts.citizenbank14 -->
