<?xml version="1.0" encoding="UTF-8"?>
<!-- Generated by org.testng.reporters.JUnitReportReporter -->
<testsuite hostname="DESKTOP-K1HLN8V" name="com.application.scripts.citizenbank28" tests="1" failures="0" timestamp="18 Sep 2017 18:09:21 GMT" time="53.692" errors="0">
  <testcase name="f" time="53.692" classname="com.application.scripts.citizenbank28"/>
</testsuite> <!-- com.application.scripts.citizenbank28 -->
