<?xml version="1.0" encoding="UTF-8"?>
<!-- Generated by org.testng.reporters.JUnitReportReporter -->
<testsuite hostname="DESKTOP-K1HLN8V" name="com.application.scripts.citizenbank23" tests="1" failures="0" timestamp="19 Sep 2017 03:56:04 GMT" time="106.235" errors="0">
  <testcase name="f" time="106.235" classname="com.application.scripts.citizenbank23"/>
</testsuite> <!-- com.application.scripts.citizenbank23 -->
