<?xml version="1.0" encoding="UTF-8"?>
<!-- Generated by org.testng.reporters.JUnitReportReporter -->
<testsuite hostname="DESKTOP-K1HLN8V" name="com.application.scripts.citizenbank30" tests="1" failures="0" timestamp="18 Sep 2017 18:50:18 GMT" time="40.493" errors="0">
  <testcase name="f" time="40.493" classname="com.application.scripts.citizenbank30"/>
</testsuite> <!-- com.application.scripts.citizenbank30 -->
