<?xml version="1.0" encoding="UTF-8"?>
<!-- Generated by org.testng.reporters.JUnitReportReporter -->
<testsuite hostname="DESKTOP-K1HLN8V" name="com.application.scripts.citizenbank39" tests="1" failures="0" timestamp="20 Sep 2017 02:15:07 GMT" time="72.478" errors="0">
  <testcase name="f" time="72.478" classname="com.application.scripts.citizenbank39"/>
</testsuite> <!-- com.application.scripts.citizenbank39 -->
