<?xml version="1.0" encoding="UTF-8"?>
<!-- Generated by org.testng.reporters.JUnitReportReporter -->
<testsuite hostname="DESKTOP-K1HLN8V" name="com.application.scripts.citizenbank07" tests="1" failures="0" timestamp="13 Sep 2017 16:22:45 GMT" time="70.611" errors="0">
  <testcase name="f" time="70.611" classname="com.application.scripts.citizenbank07"/>
</testsuite> <!-- com.application.scripts.citizenbank07 -->
