<?xml version="1.0" encoding="UTF-8"?>
<!-- Generated by org.testng.reporters.JUnitReportReporter -->
<testsuite hostname="DESKTOP-K1HLN8V" name="com.application.scripts.citizenbank44" tests="1" failures="0" timestamp="25 Sep 2017 16:09:59 GMT" time="74.412" errors="0">
  <testcase name="f" time="74.412" classname="com.application.scripts.citizenbank44"/>
</testsuite> <!-- com.application.scripts.citizenbank44 -->
