<?xml version="1.0" encoding="UTF-8"?>
<!-- Generated by org.testng.reporters.JUnitReportReporter -->
<testsuite hostname="DESKTOP-K1HLN8V" name="com.application.scripts.eyeglassworld18" tests="1" failures="0" timestamp="31 Aug 2017 19:12:41 GMT" time="62.346" errors="0">
  <testcase name="f" time="62.346" classname="com.application.scripts.eyeglassworld18"/>
</testsuite> <!-- com.application.scripts.eyeglassworld18 -->
