<?xml version="1.0" encoding="UTF-8"?>
<!-- Generated by org.testng.reporters.JUnitReportReporter -->
<testsuite hostname="DESKTOP-K1HLN8V" name="com.application.scripts.eyeglassworld12" tests="1" failures="0" timestamp="27 Aug 2017 00:45:51 GMT" time="42.511" errors="0">
  <testcase name="f" time="42.511" classname="com.application.scripts.eyeglassworld12"/>
</testsuite> <!-- com.application.scripts.eyeglassworld12 -->
