<?xml version="1.0" encoding="UTF-8"?>
<!-- Generated by org.testng.reporters.JUnitReportReporter -->
<testsuite hostname="DESKTOP-K1HLN8V" name="com.application.scripts.citizenbank35" tests="1" failures="0" timestamp="19 Sep 2017 01:39:19 GMT" time="42.035" errors="0">
  <testcase name="f" time="42.035" classname="com.application.scripts.citizenbank35"/>
</testsuite> <!-- com.application.scripts.citizenbank35 -->
