<?xml version="1.0" encoding="UTF-8"?>
<!-- Generated by org.testng.reporters.JUnitReportReporter -->
<testsuite hostname="DESKTOP-K1HLN8V" name="com.application.scripts.spicejettc02" tests="1" failures="0" timestamp="10 Aug 2017 04:03:43 GMT" time="30.785" errors="0">
  <testcase name="testTC01" time="30.785" classname="com.application.scripts.spicejettc02"/>
</testsuite> <!-- com.application.scripts.spicejettc02 -->
