<?xml version="1.0" encoding="UTF-8"?>
<!-- Generated by org.testng.reporters.JUnitReportReporter -->
<testsuite hostname="DESKTOP-K1HLN8V" name="com.application.scripts.bc04" tests="1" failures="0" timestamp="1 Sep 2017 15:54:44 GMT" time="41.728" errors="0">
  <testcase name="f" time="41.728" classname="com.application.scripts.bc04"/>
</testsuite> <!-- com.application.scripts.bc04 -->
