<?xml version="1.0" encoding="UTF-8"?>
<!-- Generated by org.testng.reporters.JUnitReportReporter -->
<testsuite hostname="Lenovo-PC" name="com.application.scripts.TC07" tests="1" failures="0" timestamp="21 Mar 2017 03:01:18 GMT" time="26.834" errors="0">
  <testcase name="testTC07" time="26.834" classname="com.application.scripts.TC07"/>
</testsuite> <!-- com.application.scripts.TC07 -->
