<?xml version="1.0" encoding="UTF-8"?>
<!-- Generated by org.testng.reporters.JUnitReportReporter -->
<testsuite hostname="DESKTOP-K1HLN8V" name="com.application.scripts.eyeglass02" tests="1" failures="0" timestamp="28 Aug 2017 19:47:52 GMT" time="31.398" errors="0">
  <testcase name="f" time="31.398" classname="com.application.scripts.eyeglass02"/>
</testsuite> <!-- com.application.scripts.eyeglass02 -->
