<?xml version="1.0" encoding="UTF-8"?>
<!-- Generated by org.testng.reporters.JUnitReportReporter -->
<testsuite hostname="DESKTOP-K1HLN8V" name="com.application.scripts.citizenbank45" tests="1" failures="0" timestamp="25 Sep 2017 16:22:25 GMT" time="76.089" errors="0">
  <testcase name="f" time="76.089" classname="com.application.scripts.citizenbank45"/>
</testsuite> <!-- com.application.scripts.citizenbank45 -->
