<?xml version="1.0" encoding="UTF-8"?>
<!-- Generated by org.testng.reporters.JUnitReportReporter -->
<testsuite hostname="DESKTOP-K1HLN8V" name="com.application.scripts.bc16" tests="1" failures="0" timestamp="5 Sep 2017 01:39:33 GMT" time="74.058" errors="0">
  <testcase name="f" time="74.058" classname="com.application.scripts.bc16"/>
</testsuite> <!-- com.application.scripts.bc16 -->
