<?xml version="1.0" encoding="UTF-8"?>
<!-- Generated by org.testng.reporters.JUnitReportReporter -->
<testsuite hostname="DESKTOP-K1HLN8V" name="com.application.scripts.bs30" tests="1" failures="0" timestamp="12 Sep 2017 17:11:29 GMT" time="61.341" errors="0">
  <testcase name="f" time="61.341" classname="com.application.scripts.bs30"/>
</testsuite> <!-- com.application.scripts.bs30 -->
