<?xml version="1.0" encoding="UTF-8"?>
<!-- Generated by org.testng.reporters.JUnitReportReporter -->
<testsuite hostname="DESKTOP-K1HLN8V" name="com.application.scripts.eyeglassworld10" tests="1" failures="0" timestamp="27 Aug 2017 02:23:45 GMT" time="33.723" errors="0">
  <testcase name="f" time="33.723" classname="com.application.scripts.eyeglassworld10"/>
</testsuite> <!-- com.application.scripts.eyeglassworld10 -->
