<?xml version="1.0" encoding="UTF-8"?>
<!-- Generated by org.testng.reporters.JUnitReportReporter -->
<testsuite hostname="DESKTOP-K1HLN8V" name="com.application.scripts.bc17" tests="1" failures="0" timestamp="6 Sep 2017 15:25:31 GMT" time="79.570" errors="0">
  <testcase name="f" time="79.570" classname="com.application.scripts.bc17"/>
</testsuite> <!-- com.application.scripts.bc17 -->
