<?xml version="1.0" encoding="UTF-8"?>
<!-- Generated by org.testng.reporters.JUnitReportReporter -->
<testsuite hostname="DESKTOP-K1HLN8V" name="com.application.scripts.citizenbank18" tests="1" failures="0" timestamp="16 Sep 2017 01:36:39 GMT" time="97.649" errors="0">
  <testcase name="f" time="97.649" classname="com.application.scripts.citizenbank18"/>
</testsuite> <!-- com.application.scripts.citizenbank18 -->
