<?xml version="1.0" encoding="UTF-8"?>
<!-- Generated by org.testng.reporters.JUnitReportReporter -->
<testsuite hostname="DESKTOP-K1HLN8V" name="com.application.scripts.bc26" tests="1" failures="0" timestamp="11 Sep 2017 17:30:14 GMT" time="56.465" errors="0">
  <testcase name="f" time="56.465" classname="com.application.scripts.bc26"/>
</testsuite> <!-- com.application.scripts.bc26 -->
