<?xml version="1.0" encoding="UTF-8"?>
<!-- Generated by org.testng.reporters.JUnitReportReporter -->
<testsuite hostname="DESKTOP-K1HLN8V" name="com.application.scripts.eyeglassworld14" tests="1" failures="0" timestamp="27 Aug 2017 01:52:13 GMT" time="66.119" errors="0">
  <testcase name="f" time="66.119" classname="com.application.scripts.eyeglassworld14"/>
</testsuite> <!-- com.application.scripts.eyeglassworld14 -->
