<?xml version="1.0" encoding="UTF-8"?>
<!-- Generated by org.testng.reporters.JUnitReportReporter -->
<testsuite hostname="DESKTOP-K1HLN8V" name="com.application.scripts.citizenbank21" tests="1" failures="0" timestamp="19 Sep 2017 03:08:22 GMT" time="103.402" errors="0">
  <testcase name="f" time="103.402" classname="com.application.scripts.citizenbank21"/>
</testsuite> <!-- com.application.scripts.citizenbank21 -->
