<?xml version="1.0" encoding="UTF-8"?>
<!-- Generated by org.testng.reporters.JUnitReportReporter -->
<testsuite hostname="DESKTOP-K1HLN8V" name="com.application.scripts.bc25" tests="1" failures="0" timestamp="11 Sep 2017 17:06:13 GMT" time="48.189" errors="0">
  <testcase name="f" time="48.189" classname="com.application.scripts.bc25"/>
</testsuite> <!-- com.application.scripts.bc25 -->
