<?xml version="1.0" encoding="UTF-8"?>
<!-- Generated by org.testng.reporters.JUnitReportReporter -->
<testsuite hostname="DESKTOP-K1HLN8V" name="com.application.scripts.citizenbank33" tests="1" failures="0" timestamp="18 Sep 2017 20:27:33 GMT" time="63.441" errors="0">
  <testcase name="f" time="63.441" classname="com.application.scripts.citizenbank33"/>
</testsuite> <!-- com.application.scripts.citizenbank33 -->
