<?xml version="1.0" encoding="UTF-8"?>
<!-- Generated by org.testng.reporters.JUnitReportReporter -->
<testsuite hostname="DESKTOP-K1HLN8V" name="com.application.scripts.citizenbank36" tests="1" failures="0" timestamp="19 Sep 2017 15:21:36 GMT" time="83.466" errors="0">
  <testcase name="f" time="83.466" classname="com.application.scripts.citizenbank36"/>
</testsuite> <!-- com.application.scripts.citizenbank36 -->
