<?xml version="1.0" encoding="UTF-8"?>
<!-- Generated by org.testng.reporters.JUnitReportReporter -->
<testsuite hostname="DESKTOP-K1HLN8V" name="com.application.scripts.Eyeglassworld11" tests="1" failures="0" timestamp="26 Aug 2017 20:42:54 GMT" time="56.307" errors="0">
  <testcase name="f" time="56.307" classname="com.application.scripts.Eyeglassworld11"/>
</testsuite> <!-- com.application.scripts.Eyeglassworld11 -->
