<?xml version="1.0" encoding="UTF-8"?>
<!-- Generated by org.testng.reporters.JUnitReportReporter -->
<testsuite hostname="DESKTOP-K1HLN8V" name="com.application.scripts.citizenbank03" tests="1" failures="0" timestamp="12 Sep 2017 21:03:06 GMT" time="103.719" errors="0">
  <testcase name="f" time="103.719" classname="com.application.scripts.citizenbank03"/>
</testsuite> <!-- com.application.scripts.citizenbank03 -->
