<?xml version="1.0" encoding="UTF-8"?>
<!-- Generated by org.testng.reporters.JUnitReportReporter -->
<testsuite hostname="DESKTOP-K1HLN8V" name="com.application.scripts.citizenbank06" tests="1" failures="0" timestamp="13 Sep 2017 16:03:04 GMT" time="104.216" errors="0">
  <testcase name="f" time="104.216" classname="com.application.scripts.citizenbank06"/>
</testsuite> <!-- com.application.scripts.citizenbank06 -->
