<?xml version="1.0" encoding="UTF-8"?>
<!-- Generated by org.testng.reporters.JUnitReportReporter -->
<testsuite hostname="DESKTOP-K1HLN8V" name="com.application.scripts.citizenbank9" tests="1" failures="0" timestamp="13 Sep 2017 21:05:29 GMT" time="121.233" errors="0">
  <testcase name="f" time="121.233" classname="com.application.scripts.citizenbank9"/>
</testsuite> <!-- com.application.scripts.citizenbank9 -->
