<?xml version="1.0" encoding="UTF-8"?>
<!-- Generated by org.testng.reporters.JUnitReportReporter -->
<testsuite hostname="DESKTOP-K1HLN8V" name="com.application.scripts.citizenbank26" tests="1" failures="0" timestamp="18 Sep 2017 17:28:27 GMT" time="227.418" errors="0">
  <testcase name="f" time="227.418" classname="com.application.scripts.citizenbank26"/>
</testsuite> <!-- com.application.scripts.citizenbank26 -->
