<?xml version="1.0" encoding="UTF-8"?>
<!-- Generated by org.testng.reporters.JUnitReportReporter -->
<testsuite hostname="DESKTOP-K1HLN8V" name="com.application.scripts.bc20" tests="1" failures="0" timestamp="6 Sep 2017 20:38:29 GMT" time="67.268" errors="0">
  <testcase name="f" time="67.268" classname="com.application.scripts.bc20"/>
</testsuite> <!-- com.application.scripts.bc20 -->
