<?xml version="1.0" encoding="UTF-8"?>
<!-- Generated by org.testng.reporters.JUnitReportReporter -->
<testsuite hostname="Lenovo-PC" name="com.application.scripts.TC06" tests="1" failures="0" timestamp="9 Feb 2017 05:24:08 GMT" time="17.291" errors="0">
  <testcase name="verifyLogo" time="17.291" classname="com.application.scripts.TC06"/>
</testsuite> <!-- com.application.scripts.TC06 -->
