<?xml version="1.0" encoding="UTF-8"?>
<!-- Generated by org.testng.reporters.JUnitReportReporter -->
<testsuite hostname="DESKTOP-K1HLN8V" name="com.application.scripts.bc10" tests="1" failures="0" timestamp="3 Sep 2017 01:54:00 GMT" time="112.660" errors="0">
  <testcase name="f" time="112.660" classname="com.application.scripts.bc10"/>
</testsuite> <!-- com.application.scripts.bc10 -->
