<?xml version="1.0" encoding="UTF-8"?>
<!-- Generated by org.testng.reporters.JUnitReportReporter -->
<testsuite hostname="DESKTOP-K1HLN8V" name="com.application.scripts.bc28" tests="1" failures="0" timestamp="12 Sep 2017 16:28:24 GMT" time="73.082" errors="0">
  <testcase name="f" time="73.082" classname="com.application.scripts.bc28"/>
</testsuite> <!-- com.application.scripts.bc28 -->
