<?xml version="1.0" encoding="UTF-8"?>
<!-- Generated by org.testng.reporters.JUnitReportReporter -->
<testsuite hostname="DESKTOP-K1HLN8V" name="com.application.scripts.flipcard" tests="1" failures="0" timestamp="9 Aug 2017 01:05:52 GMT" time="40.761" errors="0">
  <testcase name="f" time="40.761" classname="com.application.scripts.flipcard"/>
</testsuite> <!-- com.application.scripts.flipcard -->
