<?xml version="1.0" encoding="UTF-8"?>
<!-- Generated by org.testng.reporters.JUnitReportReporter -->
<testsuite hostname="DESKTOP-K1HLN8V" name="com.application.scripts.citizenbank49" tests="1" failures="0" timestamp="27 Sep 2017 15:43:15 GMT" time="48.954" errors="0">
  <testcase name="f" time="48.954" classname="com.application.scripts.citizenbank49"/>
</testsuite> <!-- com.application.scripts.citizenbank49 -->
