<?xml version="1.0" encoding="UTF-8"?>
<!-- Generated by org.testng.reporters.JUnitReportReporter -->
<testsuite hostname="DESKTOP-K1HLN8V" name="com.application.scripts.Eyeglassworld20" tests="1" failures="0" timestamp="31 Aug 2017 21:07:43 GMT" time="40.239" errors="0">
  <testcase name="f" time="40.239" classname="com.application.scripts.Eyeglassworld20"/>
</testsuite> <!-- com.application.scripts.Eyeglassworld20 -->
