<?xml version="1.0" encoding="UTF-8"?>
<!-- Generated by org.testng.reporters.JUnitReportReporter -->
<testsuite hostname="DESKTOP-K1HLN8V" name="com.application.scripts.bcbs23" tests="1" failures="0" timestamp="10 Sep 2017 19:52:08 GMT" time="71.725" errors="0">
  <testcase name="f" time="71.725" classname="com.application.scripts.bcbs23"/>
</testsuite> <!-- com.application.scripts.bcbs23 -->
