<?xml version="1.0" encoding="UTF-8"?>
<!-- Generated by org.testng.reporters.JUnitReportReporter -->
<testsuite hostname="DESKTOP-K1HLN8V" name="com.application.scripts.eyeglass01" tests="1" failures="0" timestamp="9 Aug 2017 15:55:11 GMT" time="34.679" errors="0">
  <testcase name="f" time="34.679" classname="com.application.scripts.eyeglass01"/>
</testsuite> <!-- com.application.scripts.eyeglass01 -->
