<?xml version="1.0" encoding="UTF-8"?>
<!-- Generated by org.testng.reporters.JUnitReportReporter -->
<testsuite hostname="DESKTOP-K1HLN8V" name="com.application.scripts.bs22" tests="1" failures="0" timestamp="7 Sep 2017 01:07:09 GMT" time="71.691" errors="0">
  <testcase name="f" time="71.691" classname="com.application.scripts.bs22"/>
</testsuite> <!-- com.application.scripts.bs22 -->
