<?xml version="1.0" encoding="UTF-8"?>
<!-- Generated by org.testng.reporters.JUnitReportReporter -->
<testsuite hostname="DESKTOP-K1HLN8V" name="com.application.scripts.eyeglassworld19" tests="1" failures="0" timestamp="31 Aug 2017 20:41:09 GMT" time="40.236" errors="0">
  <testcase name="f" time="40.236" classname="com.application.scripts.eyeglassworld19"/>
</testsuite> <!-- com.application.scripts.eyeglassworld19 -->
