<?xml version="1.0" encoding="UTF-8"?>
<!-- Generated by org.testng.reporters.JUnitReportReporter -->
<testsuite hostname="DESKTOP-K1HLN8V" name="com.application.scripts.citizenbank27" tests="1" failures="0" timestamp="18 Sep 2017 17:42:38 GMT" time="100.563" errors="0">
  <testcase name="f" time="100.563" classname="com.application.scripts.citizenbank27"/>
</testsuite> <!-- com.application.scripts.citizenbank27 -->
