<?xml version="1.0" encoding="UTF-8"?>
<!-- Generated by org.testng.reporters.JUnitReportReporter -->
<testsuite hostname="DESKTOP-K1HLN8V" name="com.application.scripts.citizenbank24" tests="1" failures="0" timestamp="17 Sep 2017 00:00:01 GMT" time="80.033" errors="0">
  <testcase name="f" time="80.033" classname="com.application.scripts.citizenbank24"/>
</testsuite> <!-- com.application.scripts.citizenbank24 -->
