<?xml version="1.0" encoding="UTF-8"?>
<!-- Generated by org.testng.reporters.JUnitReportReporter -->
<testsuite hostname="DESKTOP-K1HLN8V" name="com.application.scripts.citizenbank16" tests="1" failures="0" timestamp="15 Sep 2017 22:01:14 GMT" time="103.292" errors="0">
  <testcase name="f" time="103.292" classname="com.application.scripts.citizenbank16"/>
</testsuite> <!-- com.application.scripts.citizenbank16 -->
