<?xml version="1.0" encoding="UTF-8"?>
<!-- Generated by org.testng.reporters.JUnitReportReporter -->
<testsuite hostname="DESKTOP-K1HLN8V" name="com.application.scripts.bc19" tests="1" failures="0" timestamp="6 Sep 2017 21:13:57 GMT" time="124.641" errors="0">
  <testcase name="f" time="124.641" classname="com.application.scripts.bc19"/>
</testsuite> <!-- com.application.scripts.bc19 -->
