<?xml version="1.0" encoding="UTF-8"?>
<!-- Generated by org.testng.reporters.JUnitReportReporter -->
<testsuite hostname="DESKTOP-K1HLN8V" name="com.application.scripts.citizenbank20" tests="1" failures="0" timestamp="16 Sep 2017 16:10:13 GMT" time="94.519" errors="0">
  <testcase name="f" time="94.519" classname="com.application.scripts.citizenbank20"/>
</testsuite> <!-- com.application.scripts.citizenbank20 -->
