<?xml version="1.0" encoding="UTF-8"?>
<!-- Generated by org.testng.reporters.JUnitReportReporter -->
<testsuite hostname="DESKTOP-K1HLN8V" name="com.application.scripts.citizenbank40" tests="1" failures="0" timestamp="20 Sep 2017 15:38:21 GMT" time="81.698" errors="0">
  <testcase name="f" time="81.698" classname="com.application.scripts.citizenbank40"/>
</testsuite> <!-- com.application.scripts.citizenbank40 -->
