<?xml version="1.0" encoding="UTF-8"?>
<!-- Generated by org.testng.reporters.JUnitReportReporter -->
<testsuite hostname="DESKTOP-K1HLN8V" name="com.application.scripts.citizenbank43" tests="1" failures="0" timestamp="25 Sep 2017 15:47:55 GMT" time="79.009" errors="0">
  <testcase name="f" time="79.009" classname="com.application.scripts.citizenbank43"/>
</testsuite> <!-- com.application.scripts.citizenbank43 -->
