<?xml version="1.0" encoding="UTF-8"?>
<!-- Generated by org.testng.reporters.JUnitReportReporter -->
<testsuite hostname="DESKTOP-K1HLN8V" name="com.application.scripts.citizenbank41" tests="1" failures="0" timestamp="20 Sep 2017 16:42:19 GMT" time="81.881" errors="0">
  <testcase name="f" time="81.881" classname="com.application.scripts.citizenbank41"/>
</testsuite> <!-- com.application.scripts.citizenbank41 -->
