<?xml version="1.0" encoding="UTF-8"?>
<!-- Generated by org.testng.reporters.JUnitReportReporter -->
<testsuite hostname="DESKTOP-K1HLN8V" name="com.application.scripts.bc02" tests="1" failures="0" timestamp="1 Sep 2017 15:32:15 GMT" time="48.944" errors="0">
  <testcase name="f" time="48.944" classname="com.application.scripts.bc02"/>
</testsuite> <!-- com.application.scripts.bc02 -->
