<?xml version="1.0" encoding="UTF-8"?>
<!-- Generated by org.testng.reporters.JUnitReportReporter -->
<testsuite hostname="DESKTOP-K1HLN8V" name="com.application.scripts.bc27" tests="1" failures="0" timestamp="12 Sep 2017 16:04:18 GMT" time="119.345" errors="0">
  <testcase name="f" time="119.345" classname="com.application.scripts.bc27"/>
</testsuite> <!-- com.application.scripts.bc27 -->
