<?xml version="1.0" encoding="UTF-8"?>
<!-- Generated by org.testng.reporters.JUnitReportReporter -->
<testsuite hostname="DESKTOP-K1HLN8V" name="com.application.scripts.citizenbank50" tests="1" failures="0" timestamp="27 Sep 2017 16:03:51 GMT" time="59.388" errors="0">
  <testcase name="f" time="59.388" classname="com.application.scripts.citizenbank50"/>
</testsuite> <!-- com.application.scripts.citizenbank50 -->
