<?xml version="1.0" encoding="UTF-8"?>
<!-- Generated by org.testng.reporters.JUnitReportReporter -->
<testsuite hostname="DESKTOP-K1HLN8V" name="com.application.scripts.citizenbank48" tests="1" failures="0" timestamp="26 Sep 2017 16:24:06 GMT" time="49.819" errors="0">
  <testcase name="f" time="49.819" classname="com.application.scripts.citizenbank48"/>
</testsuite> <!-- com.application.scripts.citizenbank48 -->
