<?xml version="1.0" encoding="UTF-8"?>
<!-- Generated by org.testng.reporters.JUnitReportReporter -->
<testsuite hostname="DESKTOP-K1HLN8V" name="com.application.scripts.eyeglasworld17" tests="1" failures="0" timestamp="30 Aug 2017 18:39:34 GMT" time="41.283" errors="0">
  <testcase name="f" time="41.283" classname="com.application.scripts.eyeglasworld17"/>
</testsuite> <!-- com.application.scripts.eyeglasworld17 -->
