<?xml version="1.0" encoding="UTF-8"?>
<!-- Generated by org.testng.reporters.JUnitReportReporter -->
<testsuite hostname="DESKTOP-K1HLN8V" name="com.application.scripts.bs07" tests="1" failures="0" timestamp="2 Sep 2017 15:24:01 GMT" time="84.606" errors="0">
  <testcase name="f" time="84.606" classname="com.application.scripts.bs07"/>
</testsuite> <!-- com.application.scripts.bs07 -->
