<?xml version="1.0" encoding="UTF-8"?>
<!-- Generated by org.testng.reporters.JUnitReportReporter -->
<testsuite hostname="DESKTOP-K1HLN8V" name="com.application.scripts.citizenbank38" tests="1" failures="0" timestamp="20 Sep 2017 01:52:01 GMT" time="348.334" errors="0">
  <testcase name="f" time="348.334" classname="com.application.scripts.citizenbank38"/>
</testsuite> <!-- com.application.scripts.citizenbank38 -->
