<?xml version="1.0" encoding="UTF-8"?>
<!-- Generated by org.testng.reporters.JUnitReportReporter -->
<testsuite hostname="DESKTOP-K1HLN8V" name="com.application.scripts.citizenbank29" tests="1" failures="0" timestamp="18 Sep 2017 18:29:39 GMT" time="96.815" errors="0">
  <testcase name="f" time="96.815" classname="com.application.scripts.citizenbank29"/>
</testsuite> <!-- com.application.scripts.citizenbank29 -->
