<?xml version="1.0" encoding="UTF-8"?>
<!-- Generated by org.testng.reporters.JUnitReportReporter -->
<testsuite hostname="DESKTOP-K1HLN8V" name="com.application.scripts.bc29" tests="1" failures="0" timestamp="12 Sep 2017 16:47:47 GMT" time="121.649" errors="0">
  <testcase name="f" time="121.649" classname="com.application.scripts.bc29"/>
</testsuite> <!-- com.application.scripts.bc29 -->
