<?xml version="1.0" encoding="UTF-8"?>
<!-- Generated by org.testng.reporters.JUnitReportReporter -->
<testsuite hostname="DESKTOP-K1HLN8V" name="com.application.scripts.tc04" tests="1" failures="0" timestamp="4 Aug 2017 18:07:17 GMT" time="39.444" errors="0">
  <testcase name="testTC01" time="39.444" classname="com.application.scripts.tc04"/>
</testsuite> <!-- com.application.scripts.tc04 -->
