<?xml version="1.0" encoding="UTF-8"?>
<!-- Generated by org.testng.reporters.JUnitReportReporter -->
<testsuite hostname="Lenovo-PC" name="com.application.scripts.TC08" tests="1" failures="0" timestamp="21 Mar 2017 03:28:26 GMT" time="20.219" errors="0">
  <testcase name="testTC08" time="20.219" classname="com.application.scripts.TC08"/>
</testsuite> <!-- com.application.scripts.TC08 -->
