<?xml version="1.0" encoding="UTF-8"?>
<!-- Generated by org.testng.reporters.JUnitReportReporter -->
<testsuite hostname="DESKTOP-K1HLN8V" name="Academy.frameworkfromscratch.validateasserttrue" tests="1" failures="0" timestamp="25 Aug 2018 17:05:00 GMT" time="0.149" errors="0">
  <testcase name="assertionbbb" time="0.149" classname="Academy.frameworkfromscratch.validateasserttrue"/>
</testsuite> <!-- Academy.frameworkfromscratch.validateasserttrue -->
