<?xml version="1.0" encoding="UTF-8"?>
<!-- Generated by org.testng.reporters.JUnitReportReporter -->
<testsuite hostname="DESKTOP-K1HLN8V" name="Academy.frameworkfromscratch.Homepage" tests="2" failures="0" timestamp="25 Aug 2018 17:05:00 GMT" time="23.368" errors="0">
  <testcase name="basepagenavigation" time="16.701" classname="Academy.frameworkfromscratch.Homepage"/>
  <testcase name="basepagenavigation" time="6.667" classname="Academy.frameworkfromscratch.Homepage"/>
</testsuite> <!-- Academy.frameworkfromscratch.Homepage -->
